<?xml version="1.0" encoding="UTF-8"?>
<!-- Generated by org.testng.reporters.JUnitReportReporter -->
<testsuite hostname="DESKTOP-KMCTGLT" failures="0" tests="1" name="com.sauce_demo_Page_TestCases.Login_Test" time="8.410" errors="0" timestamp="2022-05-12T12:48:33 IST" skipped="0">
  <testcase classname="com.sauce_demo_Page_TestCases.Login_Test" name="logintest" time="8.410"/>
  <system-out/>
</testsuite> <!-- com.sauce_demo_Page_TestCases.Login_Test -->
